TN:
SF:src\components\common\SiteLogo\SiteLogo.js
FN:5,(anonymous_0)
FNF:1
FNH:1
FNDA:1,(anonymous_0)
DA:5,1
DA:6,1
LF:2
LH:2
BRF:0
BRH:0
end_of_record
TN:
SF:src\redux\actionTypes.js
FNF:0
FNH:0
DA:1,1
LF:1
LH:1
BRF:0
BRH:0
end_of_record
TN:
SF:src\redux\reducers.js
FN:5,movies
FN:10,(anonymous_1)
FN:14,(anonymous_2)
FN:16,(anonymous_3)
FN:38,(anonymous_4)
FN:46,selectedMovie
FNF:6
FNH:5
FNDA:7,movies
FNDA:1,(anonymous_1)
FNDA:2,(anonymous_2)
FNDA:1,(anonymous_3)
FNDA:3,(anonymous_4)
FNDA:0,selectedMovie
DA:3,1
DA:6,7
DA:8,1
DA:10,1
DA:12,1
DA:14,2
DA:16,1
DA:17,1
DA:18,0
DA:19,0
DA:21,0
DA:22,0
DA:24,0
DA:27,1
DA:28,1
DA:29,1
DA:31,0
DA:32,0
DA:34,0
DA:38,3
DA:40,1
DA:44,1
DA:47,0
DA:49,0
DA:50,0
LF:25
LH:14
BRDA:5,0,0,1
BRDA:6,1,0,1
BRDA:6,1,1,1
BRDA:6,1,2,1
BRDA:6,1,3,1
BRDA:6,1,4,1
BRDA:6,1,5,1
BRDA:6,1,6,1
BRDA:17,2,0,0
BRDA:17,2,1,1
BRDA:18,3,0,0
BRDA:18,3,1,0
BRDA:21,4,0,0
BRDA:21,4,1,0
BRDA:27,5,0,1
BRDA:27,5,1,0
BRDA:28,6,0,1
BRDA:28,6,1,0
BRDA:31,7,0,0
BRDA:31,7,1,0
BRDA:46,8,0,0
BRDA:47,9,0,0
BRDA:47,9,1,0
BRF:23
BRH:11
end_of_record
